d:\github\nginx-1.12\nginx\debug\ngx_modules.nativecodeanalysis.xml
d:\github\nginx-1.12\nginx\debug\ngx_pch.nativecodeanalysis.xml
d:\github\nginx-1.12\nginx\debug\nginx.nativecodeanalysis.xml
d:\github\nginx-1.12\nginx\debug\ngx_array.nativecodeanalysis.xml
d:\github\nginx-1.12\nginx\debug\ngx_buf.nativecodeanalysis.xml
d:\github\nginx-1.12\nginx\debug\ngx_conf_file.nativecodeanalysis.xml
d:\github\nginx-1.12\nginx\debug\ngx_connection.nativecodeanalysis.xml
d:\github\nginx-1.12\nginx\debug\ngx_cpuinfo.nativecodeanalysis.xml
d:\github\nginx-1.12\nginx\debug\ngx_crc32.nativecodeanalysis.xml
d:\github\nginx-1.12\nginx\debug\ngx_crypt.nativecodeanalysis.xml
d:\github\nginx-1.12\nginx\debug\ngx_cycle.nativecodeanalysis.xml
d:\github\nginx-1.12\nginx\debug\ngx_file.nativecodeanalysis.xml
d:\github\nginx-1.12\nginx\debug\ngx_hash.nativecodeanalysis.xml
d:\github\nginx-1.12\nginx\debug\ngx_inet.nativecodeanalysis.xml
d:\github\nginx-1.12\nginx\debug\ngx_list.nativecodeanalysis.xml
d:\github\nginx-1.12\nginx\debug\ngx_log.nativecodeanalysis.xml
d:\github\nginx-1.12\nginx\debug\ngx_md5.nativecodeanalysis.xml
d:\github\nginx-1.12\nginx\debug\ngx_module.nativecodeanalysis.xml
d:\github\nginx-1.12\nginx\debug\ngx_murmurhash.nativecodeanalysis.xml
d:\github\nginx-1.12\nginx\debug\ngx_open_file_cache.nativecodeanalysis.xml
d:\github\nginx-1.12\nginx\debug\ngx_output_chain.nativecodeanalysis.xml
d:\github\nginx-1.12\nginx\debug\ngx_palloc.nativecodeanalysis.xml
d:\github\nginx-1.12\nginx\debug\ngx_parse.nativecodeanalysis.xml
d:\github\nginx-1.12\nginx\debug\ngx_parse_time.nativecodeanalysis.xml
d:\github\nginx-1.12\nginx\debug\ngx_proxy_protocol.nativecodeanalysis.xml
d:\github\nginx-1.12\nginx\debug\ngx_queue.nativecodeanalysis.xml
d:\github\nginx-1.12\nginx\debug\ngx_radix_tree.nativecodeanalysis.xml
d:\github\nginx-1.12\nginx\debug\ngx_rbtree.nativecodeanalysis.xml
d:\github\nginx-1.12\nginx\debug\ngx_regex.nativecodeanalysis.xml
d:\github\nginx-1.12\nginx\debug\ngx_resolver.nativecodeanalysis.xml
d:\github\nginx-1.12\nginx\debug\ngx_rwlock.nativecodeanalysis.xml
d:\github\nginx-1.12\nginx\debug\ngx_sha1.nativecodeanalysis.xml
d:\github\nginx-1.12\nginx\debug\ngx_shmtx.nativecodeanalysis.xml
d:\github\nginx-1.12\nginx\debug\ngx_slab.nativecodeanalysis.xml
d:\github\nginx-1.12\nginx\debug\ngx_spinlock.nativecodeanalysis.xml
d:\github\nginx-1.12\nginx\debug\ngx_string.nativecodeanalysis.xml
d:\github\nginx-1.12\nginx\debug\ngx_syslog.nativecodeanalysis.xml
d:\github\nginx-1.12\nginx\debug\ngx_times.nativecodeanalysis.xml
d:\github\nginx-1.12\nginx\debug\ngx_iocp_module.nativecodeanalysis.xml
d:\github\nginx-1.12\nginx\debug\ngx_win32_select_module.nativecodeanalysis.xml
d:\github\nginx-1.12\nginx\debug\ngx_event.nativecodeanalysis.xml
d:\github\nginx-1.12\nginx\debug\ngx_event_accept.nativecodeanalysis.xml
d:\github\nginx-1.12\nginx\debug\ngx_event_acceptex.nativecodeanalysis.xml
d:\github\nginx-1.12\nginx\debug\ngx_event_connect.nativecodeanalysis.xml
d:\github\nginx-1.12\nginx\debug\ngx_event_openssl.nativecodeanalysis.xml
d:\github\nginx-1.12\nginx\debug\ngx_event_openssl_stapling.nativecodeanalysis.xml
d:\github\nginx-1.12\nginx\debug\ngx_event_pipe.nativecodeanalysis.xml
d:\github\nginx-1.12\nginx\debug\ngx_event_posted.nativecodeanalysis.xml
d:\github\nginx-1.12\nginx\debug\ngx_event_timer.nativecodeanalysis.xml
d:\github\nginx-1.12\nginx\debug\ngx_http_access_module.nativecodeanalysis.xml
d:\github\nginx-1.12\nginx\debug\ngx_http_addition_filter_module.nativecodeanalysis.xml
d:\github\nginx-1.12\nginx\debug\ngx_http_auth_basic_module.nativecodeanalysis.xml
d:\github\nginx-1.12\nginx\debug\ngx_http_auth_request_module.nativecodeanalysis.xml
d:\github\nginx-1.12\nginx\debug\ngx_http_autoindex_module.nativecodeanalysis.xml
d:\github\nginx-1.12\nginx\debug\ngx_http_browser_module.nativecodeanalysis.xml
d:\github\nginx-1.12\nginx\debug\ngx_http_charset_filter_module.nativecodeanalysis.xml
d:\github\nginx-1.12\nginx\debug\ngx_http_chunked_filter_module.nativecodeanalysis.xml
d:\github\nginx-1.12\nginx\debug\ngx_http_empty_gif_module.nativecodeanalysis.xml
d:\github\nginx-1.12\nginx\debug\ngx_http_fastcgi_module.nativecodeanalysis.xml
d:\github\nginx-1.12\nginx\debug\ngx_http_flv_module.nativecodeanalysis.xml
d:\github\nginx-1.12\nginx\debug\ngx_http_geo_module.nativecodeanalysis.xml
d:\github\nginx-1.12\nginx\debug\ngx_http_gunzip_filter_module.nativecodeanalysis.xml
d:\github\nginx-1.12\nginx\debug\ngx_http_gzip_filter_module.nativecodeanalysis.xml
d:\github\nginx-1.12\nginx\debug\ngx_http_gzip_static_module.nativecodeanalysis.xml
d:\github\nginx-1.12\nginx\debug\ngx_http_headers_filter_module.nativecodeanalysis.xml
d:\github\nginx-1.12\nginx\debug\ngx_http_index_module.nativecodeanalysis.xml
d:\github\nginx-1.12\nginx\debug\ngx_http_limit_conn_module.nativecodeanalysis.xml
d:\github\nginx-1.12\nginx\debug\ngx_http_limit_req_module.nativecodeanalysis.xml
d:\github\nginx-1.12\nginx\debug\ngx_http_log_module.nativecodeanalysis.xml
d:\github\nginx-1.12\nginx\debug\ngx_http_map_module.nativecodeanalysis.xml
d:\github\nginx-1.12\nginx\debug\ngx_http_memcached_module.nativecodeanalysis.xml
d:\github\nginx-1.12\nginx\debug\ngx_http_mp4_module.nativecodeanalysis.xml
d:\github\nginx-1.12\nginx\debug\ngx_http_not_modified_filter_module.nativecodeanalysis.xml
d:\github\nginx-1.12\nginx\debug\ngx_http_proxy_module.nativecodeanalysis.xml
d:\github\nginx-1.12\nginx\debug\ngx_http_random_index_module.nativecodeanalysis.xml
d:\github\nginx-1.12\nginx\debug\ngx_http_range_filter_module.nativecodeanalysis.xml
d:\github\nginx-1.12\nginx\debug\ngx_http_referer_module.nativecodeanalysis.xml
d:\github\nginx-1.12\nginx\debug\ngx_http_rewrite_module.nativecodeanalysis.xml
d:\github\nginx-1.12\nginx\debug\ngx_http_scgi_module.nativecodeanalysis.xml
d:\github\nginx-1.12\nginx\debug\ngx_http_secure_link_module.nativecodeanalysis.xml
d:\github\nginx-1.12\nginx\debug\ngx_http_slice_filter_module.nativecodeanalysis.xml
d:\github\nginx-1.12\nginx\debug\ngx_http_split_clients_module.nativecodeanalysis.xml
d:\github\nginx-1.12\nginx\debug\ngx_http_ssi_filter_module.nativecodeanalysis.xml
d:\github\nginx-1.12\nginx\debug\ngx_http_ssl_module.nativecodeanalysis.xml
d:\github\nginx-1.12\nginx\debug\ngx_http_static_module.nativecodeanalysis.xml
d:\github\nginx-1.12\nginx\debug\ngx_http_sub_filter_module.nativecodeanalysis.xml
d:\github\nginx-1.12\nginx\debug\ngx_http_upstream_hash_module.nativecodeanalysis.xml
d:\github\nginx-1.12\nginx\debug\ngx_http_upstream_ip_hash_module.nativecodeanalysis.xml
d:\github\nginx-1.12\nginx\debug\ngx_http_upstream_keepalive_module.nativecodeanalysis.xml
d:\github\nginx-1.12\nginx\debug\ngx_http_upstream_least_conn_module.nativecodeanalysis.xml
d:\github\nginx-1.12\nginx\debug\ngx_http_upstream_zone_module.nativecodeanalysis.xml
d:\github\nginx-1.12\nginx\debug\ngx_http_userid_filter_module.nativecodeanalysis.xml
d:\github\nginx-1.12\nginx\debug\ngx_http_uwsgi_module.nativecodeanalysis.xml
d:\github\nginx-1.12\nginx\debug\ngx_http.nativecodeanalysis.xml
d:\github\nginx-1.12\nginx\debug\ngx_http_copy_filter_module.nativecodeanalysis.xml
d:\github\nginx-1.12\nginx\debug\ngx_http_core_module.nativecodeanalysis.xml
d:\github\nginx-1.12\nginx\debug\ngx_http_file_cache.nativecodeanalysis.xml
d:\github\nginx-1.12\nginx\debug\ngx_http_header_filter_module.nativecodeanalysis.xml
d:\github\nginx-1.12\nginx\debug\ngx_http_parse.nativecodeanalysis.xml
d:\github\nginx-1.12\nginx\debug\ngx_http_postpone_filter_module.nativecodeanalysis.xml
d:\github\nginx-1.12\nginx\debug\ngx_http_request.nativecodeanalysis.xml
d:\github\nginx-1.12\nginx\debug\ngx_http_request_body.nativecodeanalysis.xml
d:\github\nginx-1.12\nginx\debug\ngx_http_script.nativecodeanalysis.xml
d:\github\nginx-1.12\nginx\debug\ngx_http_special_response.nativecodeanalysis.xml
d:\github\nginx-1.12\nginx\debug\ngx_http_upstream.nativecodeanalysis.xml
d:\github\nginx-1.12\nginx\debug\ngx_http_upstream_round_robin.nativecodeanalysis.xml
d:\github\nginx-1.12\nginx\debug\ngx_http_variables.nativecodeanalysis.xml
d:\github\nginx-1.12\nginx\debug\ngx_http_write_filter_module.nativecodeanalysis.xml
d:\github\nginx-1.12\nginx\debug\ngx_alloc.nativecodeanalysis.xml
d:\github\nginx-1.12\nginx\debug\ngx_dlopen.nativecodeanalysis.xml
d:\github\nginx-1.12\nginx\debug\ngx_errno.nativecodeanalysis.xml
d:\github\nginx-1.12\nginx\debug\ngx_event_log.nativecodeanalysis.xml
d:\github\nginx-1.12\nginx\debug\ngx_files.nativecodeanalysis.xml
d:\github\nginx-1.12\nginx\debug\ngx_process.nativecodeanalysis.xml
d:\github\nginx-1.12\nginx\debug\ngx_process_cycle.nativecodeanalysis.xml
d:\github\nginx-1.12\nginx\debug\ngx_shmem.nativecodeanalysis.xml
d:\github\nginx-1.12\nginx\debug\ngx_socket.nativecodeanalysis.xml
d:\github\nginx-1.12\nginx\debug\ngx_stat.nativecodeanalysis.xml
d:\github\nginx-1.12\nginx\debug\ngx_thread.nativecodeanalysis.xml
d:\github\nginx-1.12\nginx\debug\ngx_time.nativecodeanalysis.xml
d:\github\nginx-1.12\nginx\debug\ngx_udp_wsarecv.nativecodeanalysis.xml
d:\github\nginx-1.12\nginx\debug\ngx_user.nativecodeanalysis.xml
d:\github\nginx-1.12\nginx\debug\ngx_win32_init.nativecodeanalysis.xml
d:\github\nginx-1.12\nginx\debug\ngx_wsarecv.nativecodeanalysis.xml
d:\github\nginx-1.12\nginx\debug\ngx_wsarecv_chain.nativecodeanalysis.xml
d:\github\nginx-1.12\nginx\debug\ngx_wsasend.nativecodeanalysis.xml
d:\github\nginx-1.12\nginx\debug\ngx_wsasend_chain.nativecodeanalysis.xml
d:\github\nginx-1.12\nginx\debug\vc141.pdb
d:\github\nginx-1.12\nginx\debug\vc141.idb
d:\github\nginx-1.12\nginx\debug\ngx_modules.sbr
d:\github\nginx-1.12\nginx\debug\ngx_pch.sbr
d:\github\nginx-1.12\nginx\debug\nginx.sbr
d:\github\nginx-1.12\nginx\debug\ngx_array.sbr
d:\github\nginx-1.12\nginx\debug\ngx_buf.sbr
d:\github\nginx-1.12\nginx\debug\ngx_conf_file.sbr
d:\github\nginx-1.12\nginx\debug\ngx_connection.sbr
d:\github\nginx-1.12\nginx\debug\ngx_cpuinfo.sbr
d:\github\nginx-1.12\nginx\debug\ngx_crc32.sbr
d:\github\nginx-1.12\nginx\debug\ngx_crypt.sbr
d:\github\nginx-1.12\nginx\debug\ngx_cycle.sbr
d:\github\nginx-1.12\nginx\debug\ngx_file.sbr
d:\github\nginx-1.12\nginx\debug\ngx_hash.sbr
d:\github\nginx-1.12\nginx\debug\ngx_inet.sbr
d:\github\nginx-1.12\nginx\debug\ngx_list.sbr
d:\github\nginx-1.12\nginx\debug\ngx_log.sbr
d:\github\nginx-1.12\nginx\debug\ngx_md5.sbr
d:\github\nginx-1.12\nginx\debug\ngx_module.sbr
d:\github\nginx-1.12\nginx\debug\ngx_murmurhash.sbr
d:\github\nginx-1.12\nginx\debug\ngx_open_file_cache.sbr
d:\github\nginx-1.12\nginx\debug\ngx_open_file_cache.obj
d:\github\nginx-1.12\nginx\debug\ngx_murmurhash.obj
d:\github\nginx-1.12\nginx\debug\ngx_module.obj
d:\github\nginx-1.12\nginx\debug\ngx_md5.obj
d:\github\nginx-1.12\nginx\debug\ngx_log.obj
d:\github\nginx-1.12\nginx\debug\ngx_list.obj
d:\github\nginx-1.12\nginx\debug\ngx_inet.obj
d:\github\nginx-1.12\nginx\debug\ngx_hash.obj
d:\github\nginx-1.12\nginx\debug\ngx_file.obj
d:\github\nginx-1.12\nginx\debug\ngx_cycle.obj
d:\github\nginx-1.12\nginx\debug\ngx_crypt.obj
d:\github\nginx-1.12\nginx\debug\ngx_crc32.obj
d:\github\nginx-1.12\nginx\debug\ngx_cpuinfo.obj
d:\github\nginx-1.12\nginx\debug\ngx_connection.obj
d:\github\nginx-1.12\nginx\debug\ngx_conf_file.obj
d:\github\nginx-1.12\nginx\debug\ngx_buf.obj
d:\github\nginx-1.12\nginx\debug\ngx_array.obj
d:\github\nginx-1.12\nginx\debug\nginx.obj
d:\github\nginx-1.12\nginx\debug\ngx_pch.obj
d:\github\nginx-1.12\nginx\debug\ngx_modules.obj
d:\github\nginx-1.12\nginx\debug\ngx_output_chain.sbr
d:\github\nginx-1.12\nginx\debug\ngx_palloc.sbr
d:\github\nginx-1.12\nginx\debug\ngx_parse.sbr
d:\github\nginx-1.12\nginx\debug\ngx_parse_time.sbr
d:\github\nginx-1.12\nginx\debug\ngx_proxy_protocol.sbr
d:\github\nginx-1.12\nginx\debug\ngx_queue.sbr
d:\github\nginx-1.12\nginx\debug\ngx_radix_tree.sbr
d:\github\nginx-1.12\nginx\debug\ngx_rbtree.sbr
d:\github\nginx-1.12\nginx\debug\ngx_regex.sbr
d:\github\nginx-1.12\nginx\debug\ngx_resolver.sbr
d:\github\nginx-1.12\nginx\debug\ngx_rwlock.sbr
d:\github\nginx-1.12\nginx\debug\ngx_sha1.sbr
d:\github\nginx-1.12\nginx\debug\ngx_shmtx.sbr
d:\github\nginx-1.12\nginx\debug\ngx_slab.sbr
d:\github\nginx-1.12\nginx\debug\ngx_spinlock.sbr
d:\github\nginx-1.12\nginx\debug\ngx_string.sbr
d:\github\nginx-1.12\nginx\debug\ngx_syslog.sbr
d:\github\nginx-1.12\nginx\debug\ngx_times.sbr
d:\github\nginx-1.12\nginx\debug\ngx_iocp_module.sbr
d:\github\nginx-1.12\nginx\debug\ngx_win32_select_module.sbr
d:\github\nginx-1.12\nginx\debug\ngx_win32_select_module.obj
d:\github\nginx-1.12\nginx\debug\ngx_iocp_module.obj
d:\github\nginx-1.12\nginx\debug\ngx_times.obj
d:\github\nginx-1.12\nginx\debug\ngx_syslog.obj
d:\github\nginx-1.12\nginx\debug\ngx_string.obj
d:\github\nginx-1.12\nginx\debug\ngx_spinlock.obj
d:\github\nginx-1.12\nginx\debug\ngx_slab.obj
d:\github\nginx-1.12\nginx\debug\ngx_shmtx.obj
d:\github\nginx-1.12\nginx\debug\ngx_sha1.obj
d:\github\nginx-1.12\nginx\debug\ngx_rwlock.obj
d:\github\nginx-1.12\nginx\debug\ngx_resolver.obj
d:\github\nginx-1.12\nginx\debug\ngx_regex.obj
d:\github\nginx-1.12\nginx\debug\ngx_rbtree.obj
d:\github\nginx-1.12\nginx\debug\ngx_radix_tree.obj
d:\github\nginx-1.12\nginx\debug\ngx_queue.obj
d:\github\nginx-1.12\nginx\debug\ngx_proxy_protocol.obj
d:\github\nginx-1.12\nginx\debug\ngx_parse_time.obj
d:\github\nginx-1.12\nginx\debug\ngx_parse.obj
d:\github\nginx-1.12\nginx\debug\ngx_palloc.obj
d:\github\nginx-1.12\nginx\debug\ngx_output_chain.obj
d:\github\nginx-1.12\nginx\debug\ngx_event.sbr
d:\github\nginx-1.12\nginx\debug\ngx_event_accept.sbr
d:\github\nginx-1.12\nginx\debug\ngx_event_acceptex.sbr
d:\github\nginx-1.12\nginx\debug\ngx_event_connect.sbr
d:\github\nginx-1.12\nginx\debug\ngx_event_openssl.sbr
d:\github\nginx-1.12\nginx\debug\ngx_event_openssl_stapling.sbr
d:\github\nginx-1.12\nginx\debug\ngx_event_pipe.sbr
d:\github\nginx-1.12\nginx\debug\ngx_event_posted.sbr
d:\github\nginx-1.12\nginx\debug\ngx_event_timer.sbr
d:\github\nginx-1.12\nginx\debug\ngx_http_access_module.sbr
d:\github\nginx-1.12\nginx\debug\ngx_http_addition_filter_module.sbr
d:\github\nginx-1.12\nginx\debug\ngx_http_auth_basic_module.sbr
d:\github\nginx-1.12\nginx\debug\ngx_http_auth_request_module.sbr
d:\github\nginx-1.12\nginx\debug\ngx_http_autoindex_module.sbr
d:\github\nginx-1.12\nginx\debug\ngx_http_browser_module.sbr
d:\github\nginx-1.12\nginx\debug\ngx_http_charset_filter_module.sbr
d:\github\nginx-1.12\nginx\debug\ngx_http_chunked_filter_module.sbr
d:\github\nginx-1.12\nginx\debug\ngx_http_empty_gif_module.sbr
d:\github\nginx-1.12\nginx\debug\ngx_http_fastcgi_module.sbr
d:\github\nginx-1.12\nginx\debug\ngx_http_flv_module.sbr
d:\github\nginx-1.12\nginx\debug\ngx_http_flv_module.obj
d:\github\nginx-1.12\nginx\debug\ngx_http_fastcgi_module.obj
d:\github\nginx-1.12\nginx\debug\ngx_http_empty_gif_module.obj
d:\github\nginx-1.12\nginx\debug\ngx_http_chunked_filter_module.obj
d:\github\nginx-1.12\nginx\debug\ngx_http_charset_filter_module.obj
d:\github\nginx-1.12\nginx\debug\ngx_http_browser_module.obj
d:\github\nginx-1.12\nginx\debug\ngx_http_autoindex_module.obj
d:\github\nginx-1.12\nginx\debug\ngx_http_auth_request_module.obj
d:\github\nginx-1.12\nginx\debug\ngx_http_auth_basic_module.obj
d:\github\nginx-1.12\nginx\debug\ngx_http_addition_filter_module.obj
d:\github\nginx-1.12\nginx\debug\ngx_http_access_module.obj
d:\github\nginx-1.12\nginx\debug\ngx_event_timer.obj
d:\github\nginx-1.12\nginx\debug\ngx_event_posted.obj
d:\github\nginx-1.12\nginx\debug\ngx_event_pipe.obj
d:\github\nginx-1.12\nginx\debug\ngx_event_openssl_stapling.obj
d:\github\nginx-1.12\nginx\debug\ngx_event_openssl.obj
d:\github\nginx-1.12\nginx\debug\ngx_event_connect.obj
d:\github\nginx-1.12\nginx\debug\ngx_event_acceptex.obj
d:\github\nginx-1.12\nginx\debug\ngx_event_accept.obj
d:\github\nginx-1.12\nginx\debug\ngx_event.obj
d:\github\nginx-1.12\nginx\debug\ngx_http_geo_module.sbr
d:\github\nginx-1.12\nginx\debug\ngx_http_gunzip_filter_module.sbr
d:\github\nginx-1.12\nginx\debug\ngx_http_gzip_filter_module.sbr
d:\github\nginx-1.12\nginx\debug\ngx_http_gzip_static_module.sbr
d:\github\nginx-1.12\nginx\debug\ngx_http_headers_filter_module.sbr
d:\github\nginx-1.12\nginx\debug\ngx_http_index_module.sbr
d:\github\nginx-1.12\nginx\debug\ngx_http_limit_conn_module.sbr
d:\github\nginx-1.12\nginx\debug\ngx_http_limit_req_module.sbr
d:\github\nginx-1.12\nginx\debug\ngx_http_log_module.sbr
d:\github\nginx-1.12\nginx\debug\ngx_http_map_module.sbr
d:\github\nginx-1.12\nginx\debug\ngx_http_memcached_module.sbr
d:\github\nginx-1.12\nginx\debug\ngx_http_mp4_module.sbr
d:\github\nginx-1.12\nginx\debug\ngx_http_not_modified_filter_module.sbr
d:\github\nginx-1.12\nginx\debug\ngx_http_proxy_module.sbr
d:\github\nginx-1.12\nginx\debug\ngx_http_random_index_module.sbr
d:\github\nginx-1.12\nginx\debug\ngx_http_range_filter_module.sbr
d:\github\nginx-1.12\nginx\debug\ngx_http_referer_module.sbr
d:\github\nginx-1.12\nginx\debug\ngx_http_rewrite_module.sbr
d:\github\nginx-1.12\nginx\debug\ngx_http_scgi_module.sbr
d:\github\nginx-1.12\nginx\debug\ngx_http_secure_link_module.sbr
d:\github\nginx-1.12\nginx\debug\ngx_http_secure_link_module.obj
d:\github\nginx-1.12\nginx\debug\ngx_http_scgi_module.obj
d:\github\nginx-1.12\nginx\debug\ngx_http_rewrite_module.obj
d:\github\nginx-1.12\nginx\debug\ngx_http_referer_module.obj
d:\github\nginx-1.12\nginx\debug\ngx_http_range_filter_module.obj
d:\github\nginx-1.12\nginx\debug\ngx_http_random_index_module.obj
d:\github\nginx-1.12\nginx\debug\ngx_http_proxy_module.obj
d:\github\nginx-1.12\nginx\debug\ngx_http_not_modified_filter_module.obj
d:\github\nginx-1.12\nginx\debug\ngx_http_mp4_module.obj
d:\github\nginx-1.12\nginx\debug\ngx_http_memcached_module.obj
d:\github\nginx-1.12\nginx\debug\ngx_http_map_module.obj
d:\github\nginx-1.12\nginx\debug\ngx_http_log_module.obj
d:\github\nginx-1.12\nginx\debug\ngx_http_limit_req_module.obj
d:\github\nginx-1.12\nginx\debug\ngx_http_limit_conn_module.obj
d:\github\nginx-1.12\nginx\debug\ngx_http_index_module.obj
d:\github\nginx-1.12\nginx\debug\ngx_http_headers_filter_module.obj
d:\github\nginx-1.12\nginx\debug\ngx_http_gzip_static_module.obj
d:\github\nginx-1.12\nginx\debug\ngx_http_gzip_filter_module.obj
d:\github\nginx-1.12\nginx\debug\ngx_http_gunzip_filter_module.obj
d:\github\nginx-1.12\nginx\debug\ngx_http_geo_module.obj
d:\github\nginx-1.12\nginx\debug\ngx_http_slice_filter_module.sbr
d:\github\nginx-1.12\nginx\debug\ngx_http_split_clients_module.sbr
d:\github\nginx-1.12\nginx\debug\ngx_http_ssi_filter_module.sbr
d:\github\nginx-1.12\nginx\debug\ngx_http_ssl_module.sbr
d:\github\nginx-1.12\nginx\debug\ngx_http_static_module.sbr
d:\github\nginx-1.12\nginx\debug\ngx_http_sub_filter_module.sbr
d:\github\nginx-1.12\nginx\debug\ngx_http_upstream_hash_module.sbr
d:\github\nginx-1.12\nginx\debug\ngx_http_upstream_ip_hash_module.sbr
d:\github\nginx-1.12\nginx\debug\ngx_http_upstream_keepalive_module.sbr
d:\github\nginx-1.12\nginx\debug\ngx_http_upstream_least_conn_module.sbr
d:\github\nginx-1.12\nginx\debug\ngx_http_upstream_zone_module.sbr
d:\github\nginx-1.12\nginx\debug\ngx_http_userid_filter_module.sbr
d:\github\nginx-1.12\nginx\debug\ngx_http_uwsgi_module.sbr
d:\github\nginx-1.12\nginx\debug\ngx_http.sbr
d:\github\nginx-1.12\nginx\debug\ngx_http_copy_filter_module.sbr
d:\github\nginx-1.12\nginx\debug\ngx_http_core_module.sbr
d:\github\nginx-1.12\nginx\debug\ngx_http_file_cache.sbr
d:\github\nginx-1.12\nginx\debug\ngx_http_header_filter_module.sbr
d:\github\nginx-1.12\nginx\debug\ngx_http_parse.sbr
d:\github\nginx-1.12\nginx\debug\ngx_http_postpone_filter_module.sbr
d:\github\nginx-1.12\nginx\debug\ngx_http_postpone_filter_module.obj
d:\github\nginx-1.12\nginx\debug\ngx_http_parse.obj
d:\github\nginx-1.12\nginx\debug\ngx_http_header_filter_module.obj
d:\github\nginx-1.12\nginx\debug\ngx_http_file_cache.obj
d:\github\nginx-1.12\nginx\debug\ngx_http_core_module.obj
d:\github\nginx-1.12\nginx\debug\ngx_http_copy_filter_module.obj
d:\github\nginx-1.12\nginx\debug\ngx_http.obj
d:\github\nginx-1.12\nginx\debug\ngx_http_uwsgi_module.obj
d:\github\nginx-1.12\nginx\debug\ngx_http_userid_filter_module.obj
d:\github\nginx-1.12\nginx\debug\ngx_http_upstream_zone_module.obj
d:\github\nginx-1.12\nginx\debug\ngx_http_upstream_least_conn_module.obj
d:\github\nginx-1.12\nginx\debug\ngx_http_upstream_keepalive_module.obj
d:\github\nginx-1.12\nginx\debug\ngx_http_upstream_ip_hash_module.obj
d:\github\nginx-1.12\nginx\debug\ngx_http_upstream_hash_module.obj
d:\github\nginx-1.12\nginx\debug\ngx_http_sub_filter_module.obj
d:\github\nginx-1.12\nginx\debug\ngx_http_static_module.obj
d:\github\nginx-1.12\nginx\debug\ngx_http_ssl_module.obj
d:\github\nginx-1.12\nginx\debug\ngx_http_ssi_filter_module.obj
d:\github\nginx-1.12\nginx\debug\ngx_http_split_clients_module.obj
d:\github\nginx-1.12\nginx\debug\ngx_http_slice_filter_module.obj
d:\github\nginx-1.12\nginx\debug\ngx_http_request.sbr
d:\github\nginx-1.12\nginx\debug\ngx_http_request_body.sbr
d:\github\nginx-1.12\nginx\debug\ngx_http_script.sbr
d:\github\nginx-1.12\nginx\debug\ngx_http_special_response.sbr
d:\github\nginx-1.12\nginx\debug\ngx_http_upstream.sbr
d:\github\nginx-1.12\nginx\debug\ngx_http_upstream_round_robin.sbr
d:\github\nginx-1.12\nginx\debug\ngx_http_variables.sbr
d:\github\nginx-1.12\nginx\debug\ngx_http_write_filter_module.sbr
d:\github\nginx-1.12\nginx\debug\ngx_alloc.sbr
d:\github\nginx-1.12\nginx\debug\ngx_dlopen.sbr
d:\github\nginx-1.12\nginx\debug\ngx_errno.sbr
d:\github\nginx-1.12\nginx\debug\ngx_event_log.sbr
d:\github\nginx-1.12\nginx\debug\ngx_files.sbr
d:\github\nginx-1.12\nginx\debug\ngx_process.sbr
d:\github\nginx-1.12\nginx\debug\ngx_process_cycle.sbr
d:\github\nginx-1.12\nginx\debug\ngx_shmem.sbr
d:\github\nginx-1.12\nginx\debug\ngx_socket.sbr
d:\github\nginx-1.12\nginx\debug\ngx_stat.sbr
d:\github\nginx-1.12\nginx\debug\ngx_thread.sbr
d:\github\nginx-1.12\nginx\debug\ngx_time.sbr
d:\github\nginx-1.12\nginx\debug\ngx_time.obj
d:\github\nginx-1.12\nginx\debug\ngx_thread.obj
d:\github\nginx-1.12\nginx\debug\ngx_stat.obj
d:\github\nginx-1.12\nginx\debug\ngx_socket.obj
d:\github\nginx-1.12\nginx\debug\ngx_shmem.obj
d:\github\nginx-1.12\nginx\debug\ngx_process_cycle.obj
d:\github\nginx-1.12\nginx\debug\ngx_process.obj
d:\github\nginx-1.12\nginx\debug\ngx_files.obj
d:\github\nginx-1.12\nginx\debug\ngx_event_log.obj
d:\github\nginx-1.12\nginx\debug\ngx_errno.obj
d:\github\nginx-1.12\nginx\debug\ngx_dlopen.obj
d:\github\nginx-1.12\nginx\debug\ngx_alloc.obj
d:\github\nginx-1.12\nginx\debug\ngx_http_write_filter_module.obj
d:\github\nginx-1.12\nginx\debug\ngx_http_variables.obj
d:\github\nginx-1.12\nginx\debug\ngx_http_upstream_round_robin.obj
d:\github\nginx-1.12\nginx\debug\ngx_http_upstream.obj
d:\github\nginx-1.12\nginx\debug\ngx_http_special_response.obj
d:\github\nginx-1.12\nginx\debug\ngx_http_script.obj
d:\github\nginx-1.12\nginx\debug\ngx_http_request_body.obj
d:\github\nginx-1.12\nginx\debug\ngx_http_request.obj
d:\github\nginx-1.12\nginx\debug\ngx_udp_wsarecv.sbr
d:\github\nginx-1.12\nginx\debug\ngx_user.sbr
d:\github\nginx-1.12\nginx\debug\ngx_win32_init.sbr
d:\github\nginx-1.12\nginx\debug\ngx_wsarecv.sbr
d:\github\nginx-1.12\nginx\debug\ngx_wsarecv_chain.sbr
d:\github\nginx-1.12\nginx\debug\ngx_wsasend.sbr
d:\github\nginx-1.12\nginx\debug\ngx_wsasend_chain.sbr
d:\github\nginx-1.12\nginx\debug\ngx_wsasend_chain.obj
d:\github\nginx-1.12\nginx\debug\ngx_wsasend.obj
d:\github\nginx-1.12\nginx\debug\ngx_wsarecv_chain.obj
d:\github\nginx-1.12\nginx\debug\ngx_wsarecv.obj
d:\github\nginx-1.12\nginx\debug\ngx_win32_init.obj
d:\github\nginx-1.12\nginx\debug\ngx_user.obj
d:\github\nginx-1.12\nginx\debug\ngx_udp_wsarecv.obj
d:\github\nginx-1.12\debug\nginx-1.12.ilk
d:\github\nginx-1.12\debug\nginx-1.12.exe
d:\github\nginx-1.12\debug\nginx-1.12.pdb
d:\github\nginx-1.12\nginx\debug\nginx_window.res
d:\github\nginx-1.12\nginx\debug\nativecodeanalysis.read.1.tlog
d:\github\nginx-1.12\nginx\debug\vc.nativecodeanalysis.all.xml
d:\github\nginx-1.12\nginx\..\debug\nginx-1.12.exe
d:\github\nginx-1.12\nginx\debug\nginx-1.12.tlog\bscmake.command.1.tlog
d:\github\nginx-1.12\nginx\debug\nginx-1.12.tlog\bscmake.read.1.tlog
d:\github\nginx-1.12\nginx\debug\nginx-1.12.tlog\cl.command.1.tlog
d:\github\nginx-1.12\nginx\debug\nginx-1.12.tlog\cl.read.1.tlog
d:\github\nginx-1.12\nginx\debug\nginx-1.12.tlog\cl.write.1.tlog
d:\github\nginx-1.12\nginx\debug\nginx-1.12.tlog\link.command.1.tlog
d:\github\nginx-1.12\nginx\debug\nginx-1.12.tlog\link.read.1.tlog
d:\github\nginx-1.12\nginx\debug\nginx-1.12.tlog\link.write.1.tlog
d:\github\nginx-1.12\nginx\debug\nginx-1.12.tlog\rc.command.1.tlog
d:\github\nginx-1.12\nginx\debug\nginx-1.12.tlog\rc.read.1.tlog
d:\github\nginx-1.12\nginx\debug\nginx-1.12.tlog\rc.write.1.tlog
